[05:33:23] [main/INFO]: Loading Minecraft 1.19.4 with Fabric Loader 0.14.22
[05:33:23] [main/INFO]: Fabric is preparing JARs on first launch, this may take a few seconds...
[05:33:23] [ForkJoinPool-1-worker-10/WARN]: The mod "moreculling" contains invalid entries in its mod json:
- Unsupported root entry "embedded" at line 35 column 13
[05:33:24] [main/INFO]: Loading 119 mods:
	- bobby 4.0.6
	   |-- com_typesafe_config 1.4.2
	   |-- io_leangen_geantyref_geantyref 1.3.13
	   |-- org_spongepowered_configurate-core 4.1.2
	   \-- org_spongepowered_configurate-hocon 4.1.2
	- chat_heads 0.10.18
	- entityculling 1.6.2-mc1.19.4
	- fabric-api 0.86.0+1.19.4
	   |-- fabric-api-base 0.4.28+737a6ee8f4
	   |-- fabric-api-lookup-api-v1 1.6.29+504944c8f4
	   |-- fabric-biome-api-v1 13.0.9+10ce000ff4
	   |-- fabric-block-api-v1 1.0.8+e022e5d1f4
	   |-- fabric-blockrenderlayer-v1 1.1.38+10ce000ff4
	   |-- fabric-client-tags-api-v1 1.1.1+0eee1254f4
	   |-- fabric-command-api-v1 1.2.31+f71b366ff4
	   |-- fabric-command-api-v2 2.2.10+10ce000ff4
	   |-- fabric-commands-v0 0.2.48+df3654b3f4
	   |-- fabric-containers-v0 0.1.58+df3654b3f4
	   |-- fabric-content-registries-v0 3.5.14+10ce000ff4
	   |-- fabric-convention-tags-v1 1.5.3+6d727b51f4
	   |-- fabric-crash-report-info-v1 0.2.17+aeb40ebef4
	   |-- fabric-data-generation-api-v1 11.5.0+1b5f819af4
	   |-- fabric-dimensions-v1 2.1.49+10ce000ff4
	   |-- fabric-entity-events-v1 1.5.17+10ce000ff4
	   |-- fabric-events-interaction-v0 0.6.1+4b6b93f0f4
	   |-- fabric-events-lifecycle-v0 0.2.56+df3654b3f4
	   |-- fabric-game-rule-api-v1 1.0.35+a1ccd7bff4
	   |-- fabric-item-api-v1 2.1.21+10ce000ff4
	   |-- fabric-item-group-api-v1 3.0.10+8400c67ef4
	   |-- fabric-key-binding-api-v1 1.0.35+504944c8f4
	   |-- fabric-keybindings-v0 0.2.33+df3654b3f4
	   |-- fabric-lifecycle-events-v1 2.2.19+10ce000ff4
	   |-- fabric-loot-api-v2 1.1.32+10ce000ff4
	   |-- fabric-loot-tables-v1 1.1.36+9e7660c6f4
	   |-- fabric-message-api-v1 5.1.5+53c11dadf4
	   |-- fabric-mining-level-api-v1 2.1.44+10ce000ff4
	   |-- fabric-model-loading-api-v1 1.0.1+a0255436f4
	   |-- fabric-models-v0 0.4.0+a0255436f4
	   |-- fabric-networking-api-v1 1.3.5+10ce000ff4
	   |-- fabric-networking-v0 0.3.45+df3654b3f4
	   |-- fabric-object-builder-api-v1 7.1.1+d63b52eaf4
	   |-- fabric-particles-v1 1.1.1+86d48884f4
	   |-- fabric-recipe-api-v1 1.0.12+10ce000ff4
	   |-- fabric-registry-sync-v0 2.3.0+2c56a82af4
	   |-- fabric-renderer-api-v1 2.4.1+a0255436f4
	   |-- fabric-renderer-indigo 1.4.1+07902599f4
	   |-- fabric-renderer-registries-v1 3.2.42+df3654b3f4
	   |-- fabric-rendering-data-attachment-v1 0.3.32+10ce000ff4
	   |-- fabric-rendering-fluids-v1 3.0.25+10ce000ff4
	   |-- fabric-rendering-v0 1.1.45+df3654b3f4
	   |-- fabric-rendering-v1 2.1.5+10ce000ff4
	   |-- fabric-resource-conditions-api-v1 2.3.3+10ce000ff4
	   |-- fabric-resource-loader-v0 0.11.7+8400c67ef4
	   |-- fabric-screen-api-v1 1.0.49+10ce000ff4
	   |-- fabric-screen-handler-api-v1 1.3.24+10ce000ff4
	   |-- fabric-sound-api-v1 1.0.11+10ce000ff4
	   |-- fabric-transfer-api-v1 3.3.0+7bf81db9f4
	   \-- fabric-transitive-access-wideners-v1 3.3.0+1b5f819af4
	- fabric-language-kotlin 1.10.0+kotlin.1.9.0
	   |-- org_jetbrains_kotlin_kotlin-reflect 1.9.0
	   |-- org_jetbrains_kotlin_kotlin-stdlib 1.9.0
	   |-- org_jetbrains_kotlin_kotlin-stdlib-jdk7 1.9.0
	   |-- org_jetbrains_kotlin_kotlin-stdlib-jdk8 1.9.0
	   |-- org_jetbrains_kotlinx_atomicfu-jvm 0.21.0
	   |-- org_jetbrains_kotlinx_kotlinx-coroutines-core-jvm 1.7.2
	   |-- org_jetbrains_kotlinx_kotlinx-coroutines-jdk8 1.7.2
	   |-- org_jetbrains_kotlinx_kotlinx-datetime-jvm 0.4.0
	   |-- org_jetbrains_kotlinx_kotlinx-serialization-cbor-jvm 1.5.1
	   |-- org_jetbrains_kotlinx_kotlinx-serialization-core-jvm 1.5.1
	   \-- org_jetbrains_kotlinx_kotlinx-serialization-json-jvm 1.5.1
	- fabricloader 0.14.22
	- iris 1.6.4
	   |-- io_github_douira_glsl-transformer 2.0.0-pre13
	   |-- org_anarres_jcpp 1.4.14
	   \-- org_antlr_antlr4-runtime 4.11.1
	- java 17
	- lithium 0.11.1
	- memoryleakfix 1.1.1
	   \-- com_github_llamalad7_mixinextras 0.2.0-beta.8
	- minecraft 1.19.4
	- moreculling 1.19.4-0.17.0
	   |-- cloth-config 9.0.94
	   |    \-- cloth-basic-math 0.6.1
	   \-- conditional-mixin 0.3.2
	- nochatreports 1.19.4-v2.1.6
	- plasmovoice 2.0.6
	   |-- aopalliance_aopalliance 1.0
	   |-- com_google_inject_guice 5.0.1
	   |-- fabric-permissions-api-v0 0.2-SNAPSHOT
	   \-- javax_inject_javax_inject 1
	- pv-addon-replaymod 1.16+-2.0.0
	- pv-addon-soundphysics 1.0.1
	- reeses-sodium-options 1.5.0+mc1.19.4-build.72
	- replaymod 1.19.4-2.6.13
	- smoothboot 1.19.4-1.7.0
	- sodium 0.4.10+build.24
	- sodium-extra 0.4.18+mc1.19.4-build.100
	   |-- caffeineconfig 1.1.0+1.17
	   \-- crowdin-translate 1.4+1.19.3
	- sound_physics_remastered 1.19.4-1.1.1
	- starlight 1.1.1+fabric.ae22326
	- uiutils 1.2.2
	- xaerominimap 23.5.0
	- xaeroworldmap 1.30.6
	- xaerozoomout 1.0.0+1.19.4
	- yet_another_config_lib_v3 3.0.4+1.19.4
	   |-- com_twelvemonkeys_common_common-image 3.9.4
	   |-- com_twelvemonkeys_common_common-io 3.9.4
	   |-- com_twelvemonkeys_common_common-lang 3.9.4
	   |-- com_twelvemonkeys_imageio_imageio-core 3.9.4
	   |-- com_twelvemonkeys_imageio_imageio-metadata 3.9.4
	   |-- com_twelvemonkeys_imageio_imageio-webp 3.9.4
	   \-- yet_another_config_lib 2.5.1+1.19.4
	- zoomify 2.9.4
	   |-- com_akuleshov7_ktoml-core-jvm 0.4.1
	   |-- dev_isxander_settxi_settxi-core 2.10.6
	   |-- dev_isxander_settxi_settxi-gui 2.10.6
	   |-- dev_isxander_settxi_settxi-kotlinx-serialization 2.10.6
	   \-- settxi-gui-yacl 2.10.6
[05:33:24] [main/INFO]: SpongePowered MIXIN Subsystem Version=0.8.5 Source=file:/C:/Users/{COMPUTER_USERNAME}/AppData/Roaming/com.modrinth.theseus/meta/libraries/net/fabricmc/sponge-mixin/0.12.5+mixin.0.8.5/sponge-mixin-0.12.5+mixin.0.8.5.jar Service=Knot/Fabric Env=CLIENT
[05:33:24] [main/INFO]: Compatibility level set to JAVA_17
[05:33:24] [main/INFO]: Loaded configuration file for Lithium: 114 options available, 0 override(s) found
[05:33:24] [main/WARN]: Reference map 'mixins.nonmmlauncher.replaymod.refmap.json' for mixins.nonmmlauncher.replaymod.json could not be read. If this is a development environment you can ignore this message
[05:33:24] [main/INFO]: Loaded configuration file for Sodium: 33 options available, 3 override(s) found
[05:33:24] [main/INFO]: Loaded configuration file for Sodium Extra: 28 options available, 0 override(s) found
[05:33:25] [main/WARN]: Error loading class: net/fabricmc/fabric/impl/client/indigo/renderer/render/AbstractQuadRenderer (java.lang.ClassNotFoundException: net/fabricmc/fabric/impl/client/indigo/renderer/render/AbstractQuadRenderer)
[05:33:25] [main/WARN]: Force-disabling mixin 'features.entity.fast_render.MixinCuboid' as rule 'mixin.features.entity.fast_render' (added by mods [iris]) disables it and children
[05:33:25] [main/WARN]: Force-disabling mixin 'features.entity.fast_render.MixinModelPart' as rule 'mixin.features.entity.fast_render' (added by mods [iris]) disables it and children
[05:33:25] [main/WARN]: Force-disabling mixin 'features.gui.font.MixinGlyphRenderer' as rule 'mixin.features.gui.font' (added by mods [iris]) disables it and children
[05:33:25] [main/WARN]: Force-disabling mixin 'features.sky.MixinWorldRenderer' as rule 'mixin.features.sky' (added by mods [iris]) disables it and children
[05:33:25] [main/INFO]: [MemoryLeakFix] Will be applying 3 memory leak fixes!
[05:33:25] [main/INFO]: [MemoryLeakFix] Currently enabled memory leak fixes: [targetEntityLeak, biomeTemperatureLeak, hugeScreenshotLeak]
[05:33:25] [main/WARN]: Error loading class: org/jetbrains/annotations/ApiStatus$Internal (java.lang.ClassNotFoundException: org/jetbrains/annotations/ApiStatus$Internal)
[05:33:25] [main/WARN]: Error loading class: org/jetbrains/annotations/ApiStatus$Internal (java.lang.ClassNotFoundException: org/jetbrains/annotations/ApiStatus$Internal)
[05:33:25] [main/WARN]: Error loading class: net/optifine/render/ChunkVisibility (java.lang.ClassNotFoundException: net/optifine/render/ChunkVisibility)
[05:33:25] [main/WARN]: Error loading class: shadersmod/client/ShadersRender (java.lang.ClassNotFoundException: shadersmod/client/ShadersRender)
[05:33:25] [main/WARN]: Error loading class: net/optifine/shaders/ShadersRender (java.lang.ClassNotFoundException: net/optifine/shaders/ShadersRender)
[05:33:26] [main/INFO]: Smooth Boot config initialized
[05:33:27] [main/INFO]: Mixing common.MixinFriendlyByteBuf from mixins/common/nochatreports.mixins.json into net.minecraft.class_2540
[05:33:27] [main/INFO]: Renaming synthetic method lambda$onWriteJsonWithCodec$1(Ljava/lang/Object;Ljava/lang/String;)Lio/netty/handler/codec/EncoderException; to mdec35c4$nochatreports$lambda$onWriteJsonWithCodec$1$0 in mixins/common/nochatreports.mixins.json:common.MixinFriendlyByteBuf from mod nochatreports
[05:33:27] [main/INFO]: Renaming synthetic method lambda$onReadJsonWithCodec$0(Ljava/lang/String;)Lio/netty/handler/codec/DecoderException; to mdec35c4$nochatreports$lambda$onReadJsonWithCodec$0$1 in mixins/common/nochatreports.mixins.json:common.MixinFriendlyByteBuf from mod nochatreports
[05:33:31] [Datafixer Bootstrap/INFO]: 180 Datafixer optimizations took 142 milliseconds
[05:33:32] [Render thread/INFO]: [STDERR]: Version: 3.3.1 SNAPSHOT
[05:33:32] [Render thread/INFO]: [STDERR]: 	 OS: Windows 11 v10.0
[05:33:32] [Render thread/INFO]: [STDERR]: 	JRE: Windows amd64 17.0.8
[05:33:32] [Render thread/INFO]: [STDERR]: 	JVM: OpenJDK 64-Bit Server VM v17.0.8+7 by Eclipse Adoptium
[05:33:32] [Render thread/INFO]: [STDERR]: Loading JNI library: lwjgl
[05:33:32] [Render thread/INFO]: [STDERR]: 	Module: org.lwjgl
[05:33:32] [Render thread/INFO]: [STDERR]: 	Loaded from org.lwjgl.librarypath: C:\Users\{COMPUTER_USERNAME}\AppData\Local\Temp\lwjgltimot\3.3.1-SNAPSHOT\lwjgl.dll
[05:33:32] [Render thread/INFO]: [STDERR]: Loading library: jemalloc
[05:33:32] [Render thread/INFO]: [STDERR]: 	Module: org.lwjgl.jemalloc
[05:33:32] [Render thread/INFO]: [STDERR]: 	Loaded from org.lwjgl.librarypath: C:\Users\{COMPUTER_USERNAME}\AppData\Local\Temp\lwjgltimot\3.3.1-SNAPSHOT\jemalloc.dll
[05:33:32] [Render thread/INFO]: [STDERR]: MemoryUtil allocator: JEmallocAllocator
[05:33:32] [Render thread/INFO]: Launching a new process to probe the system configuration!
[05:33:32] [Render thread/INFO]: [STDERR]: Loading JNI library: lwjgl
[05:33:32] [Render thread/INFO]: [STDERR]: 	Module: org.lwjgl
[05:33:32] [Render thread/INFO]: [STDERR]: 	Loaded from org.lwjgl.librarypath: C:\Users\{COMPUTER_USERNAME}\AppData\Local\Temp\lwjgltimot\3.3.1-SNAPSHOT\lwjgl.dll
[05:33:32] [Render thread/INFO]: [STDERR]: Loading JNI library: lwjgl_opengl
[05:33:32] [Render thread/INFO]: [STDERR]: 	Module: org.lwjgl.opengl
[05:33:32] [Render thread/INFO]: [STDERR]: 	Loaded from org.lwjgl.librarypath: C:\Users\{COMPUTER_USERNAME}\AppData\Local\Temp\lwjgltimot\3.3.1-SNAPSHOT\lwjgl_opengl.dll
[05:33:32] [Render thread/INFO]: [STDERR]: Loading library: glfw
[05:33:32] [Render thread/INFO]: [STDERR]: 	Module: org.lwjgl.glfw
[05:33:32] [Render thread/INFO]: [STDERR]: 	Loaded from org.lwjgl.librarypath: C:\Users\{COMPUTER_USERNAME}\AppData\Local\Temp\lwjgltimot\3.3.1-SNAPSHOT\glfw.dll
[05:33:33] [Render thread/INFO]: OpenGL Vendor: NVIDIA Corporation
[05:33:33] [Render thread/INFO]: OpenGL Renderer: NVIDIA GeForce RTX 3080/PCIe/SSE2
[05:33:33] [Render thread/INFO]: OpenGL Version: 3.3.0 NVIDIA 536.99
[05:33:33] [Render thread/WARN]: Enabling workaround for NVIDIA graphics drivers on Windows (issue #1486)
[05:33:33] [Render thread/WARN]: One or more workarounds were enabled to prevent crashes or other issues on your system. You may need to update your graphics drivers.
[05:33:33] [Render thread/INFO]: Mixing client.MixinMinecraft from mixins/common/nochatreports.mixins.json into net.minecraft.class_310
[05:33:33] [Render thread/INFO]: Mixing client.MixinMinecraft from mixins/fabric/nochatreports-fabric.mixins.json into net.minecraft.class_310
[05:33:33] [Render thread/INFO]: Mixing client.MixinTitleScreen from mixins/common/nochatreports.mixins.json into net.minecraft.class_442
[05:33:33] [Render thread/INFO]: Mixing client.MixinChatScreen from mixins/common/nochatreports.mixins.json into net.minecraft.class_408
[05:33:33] [Render thread/INFO]: Renaming synthetic method lambda$onInit$4()Lnet/minecraft/class_2561; to mdec35c4$nochatreports$lambda$onInit$4$0 in mixins/common/nochatreports.mixins.json:client.MixinChatScreen from mod nochatreports
[05:33:33] [Render thread/INFO]: Renaming synthetic method lambda$onInit$3(Lnet/minecraft/class_4185;)V to mdec35c4$nochatreports$lambda$onInit$3$1 in mixins/common/nochatreports.mixins.json:client.MixinChatScreen from mod nochatreports
[05:33:33] [Render thread/INFO]: Renaming synthetic method lambda$onInit$2()Lnet/minecraft/class_2561; to mdec35c4$nochatreports$lambda$onInit$2$2 in mixins/common/nochatreports.mixins.json:client.MixinChatScreen from mod nochatreports
[05:33:33] [Render thread/INFO]: Renaming synthetic method lambda$onInit$1(Lnet/minecraft/class_4185;)V to mdec35c4$nochatreports$lambda$onInit$1$3 in mixins/common/nochatreports.mixins.json:client.MixinChatScreen from mod nochatreports
[05:33:33] [Render thread/INFO]: Renaming synthetic method lambda$onBeforeMessage$0(Ljava/lang/String;Lorg/spongepowered/asm/mixin/injection/callback/CallbackInfoReturnable;Lcom/aizistral/nochatreports/common/encryption/Encryptor;)V to mdec35c4$nochatreports$lambda$onBeforeMessage$0$4 in mixins/common/nochatreports.mixins.json:client.MixinChatScreen from mod nochatreports
[05:33:33] [Render thread/INFO]: Environment: authHost='https://authserver.mojang.com', accountsHost='https://api.mojang.com', sessionHost='https://sessionserver.mojang.com', servicesHost='https://api.minecraftservices.com', name='PROD'
[05:33:33] [Render thread/INFO]: Mixing client.MixinYggdrasilUserApiService from mixins/common/nochatreports.mixins.json into com.mojang.authlib.yggdrasil.YggdrasilUserApiService
[05:33:34] [Render thread/INFO]: Setting user: {MINECRAFT_USERNAME}
[05:33:34] [Render thread/INFO]: Mixing client.MixinToastComponent from mixins/common/nochatreports.mixins.json into net.minecraft.class_374
[05:33:34] [Render thread/INFO]: Mixing server.MixinServerGamePacketListenerImpl from mixins/common/nochatreports.mixins.json into net.minecraft.class_3244
[05:33:34] [Render thread/INFO]: KONNICHIWA ZA WARUDO!
[05:33:34] [Render thread/INFO]: Default JVM text encoding is: windows-1252
[05:33:34] [Render thread/INFO]: Reading config file NoChatReports/NCR-Common.json...
[05:33:34] [Render thread/INFO]: Reading config file NoChatReports/NCR-Client.json...
[05:33:34] [Render thread/INFO]: Reading config file NoChatReports/NCR-ServerPreferences.json...
[05:33:34] [Render thread/INFO]: Reading config file NoChatReports/NCR-Encryption.json...
[05:33:34] [Render thread/INFO]: Writing config file NoChatReports/NCR-Common.json...
[05:33:34] [Render thread/INFO]: Writing config file NoChatReports/NCR-Client.json...
[05:33:34] [Render thread/INFO]: Writing config file NoChatReports/NCR-ServerPreferences.json...
[05:33:34] [Render thread/INFO]: Writing config file NoChatReports/NCR-Encryption.json...
[05:33:34] [Render thread/INFO]: Client initialization...
[05:33:34] [Render thread/INFO]: Mixing client.MixinClientPacketListener from mixins/common/nochatreports.mixins.json into net.minecraft.class_634
[05:33:34] [Render thread/INFO]: Reloading reverb parameters
[05:33:34] [Render thread/INFO]: [Indigo] Different rendering plugin detected; not applying Indigo.
[05:33:34] [Render thread/INFO]: [STDERR]: Loading library: glfw
[05:33:34] [Render thread/INFO]: [STDERR]: 	Module: org.lwjgl.glfw
[05:33:34] [Render thread/INFO]: [STDERR]: 	Loaded from org.lwjgl.librarypath: C:\Users\{COMPUTER_USERNAME}\AppData\Local\Temp\lwjgltimot\3.3.1-SNAPSHOT\glfw.dll
[05:33:35] [DefaultDispatcher-worker-1/INFO]: Downloading translations
[05:33:35] [Render thread/INFO]: pv-addon-soundphysics v1.0.1 by Apehum loaded
[05:33:35] [Render thread/INFO]: pv-addon-replaymod v2.0.0 by Apehum loaded
[05:33:35] [Render thread/INFO]: [STDERR]: Loading JNI library: lwjgl_stb
[05:33:35] [Render thread/INFO]: [STDERR]: 	Module: org.lwjgl.stb
[05:33:35] [Render thread/INFO]: [STDERR]: 	Loaded from org.lwjgl.librarypath: C:\Users\{COMPUTER_USERNAME}\AppData\Local\Temp\lwjgltimot\3.3.1-SNAPSHOT\lwjgl_stb.dll
[05:33:35] [DefaultDispatcher-worker-1/INFO]: Translations downloaded
[05:33:36] [Render thread/INFO]: Loading Xaero's Minimap - Stage 1/2
[05:33:37] [Render thread/WARN]: Static binding violation: PRIVATE @Overwrite method method_23182 in sodium.mixins.json:features.item.MixinItemRenderer from mod sodium cannot reduce visibiliy of PUBLIC target method, visibility will be upgraded.
[05:33:37] [Render thread/INFO]: Loading Xaero's World Map - Stage 1/2
[05:33:39] [Render thread/INFO]: Mixing client.MixinOptions from mixins/common/nochatreports.mixins.json into net.minecraft.class_315
[05:33:39] [Render thread/INFO]: Renaming synthetic method lambda$onlyShowSecureChat$0(Ljava/lang/Boolean;)V to mdec35c4$nochatreports$lambda$onlyShowSecureChat$0$0 in mixins/common/nochatreports.mixins.json:client.MixinOptions from mod nochatreports
[05:33:39] [Render thread/INFO]: Mixing client.MixinChatComponent from mixins/common/nochatreports.mixins.json into net.minecraft.class_338
[05:33:39] [Render thread/INFO]: Renaming synthetic method lambda$modifyGUIMessage$1()V to mdec35c4$nochatreports$lambda$modifyGUIMessage$1$0 in mixins/common/nochatreports.mixins.json:client.MixinChatComponent from mod nochatreports
[05:33:39] [Render thread/INFO]: Renaming synthetic method lambda$modifyGUIMessage$0(Lnet/minecraft/class_5348;Lnet/minecraft/class_2561;)V to mdec35c4$nochatreports$lambda$modifyGUIMessage$0$1 in mixins/common/nochatreports.mixins.json:client.MixinChatComponent from mod nochatreports
[05:33:39] [Render thread/INFO]: Mixing client.MixinGuiMessageTagIcon from mixins/common/nochatreports.mixins.json into net.minecraft.class_7591$class_7592
[05:33:39] [Render thread/INFO]: Renaming @Invoker method create(Ljava/lang/String;IIIII)Lnet/minecraft/class_7591$class_7592; to create$nochatreports_$md$ec35c4$0 in mixins/common/nochatreports.mixins.json:client.MixinGuiMessageTagIcon from mod nochatreports
[05:33:40] [Render thread/INFO]: Backend library: LWJGL version 3.3.1 SNAPSHOT
[05:33:40] [Render thread/INFO]: [STDERR]: Java 9 check intrinsics enabled
[05:33:40] [Render thread/INFO]: [STDERR]: Closure Registry: simple
[05:33:40] [Render thread/INFO]: [STDERR]: Loading JNI library: lwjgl_opengl
[05:33:40] [Render thread/INFO]: [STDERR]: 	Module: org.lwjgl.opengl
[05:33:40] [Render thread/INFO]: [STDERR]: 	Loaded from org.lwjgl.librarypath: C:\Users\{COMPUTER_USERNAME}\AppData\Local\Temp\lwjgltimot\3.3.1-SNAPSHOT\lwjgl_opengl.dll
[05:33:40] [Render thread/INFO]: [STDERR]: Loading library: opengl32
[05:33:40] [Render thread/INFO]: [STDERR]: 	Module: org.lwjgl.opengl
[05:33:40] [Render thread/INFO]: [STDERR]: 	opengl32.dll not found in org.lwjgl.librarypath=C:\Users\{COMPUTER_USERNAME}\AppData\Local\Temp\lwjgltimot\3.3.1-SNAPSHOT
[05:33:40] [Render thread/INFO]: [STDERR]: 	Loaded from system paths: C:\Windows\SYSTEM32\opengl32.dll
[05:33:40] [Render thread/INFO]: [STDERR]: Java 10 multiplyHigh enabled
[05:33:40] [Render thread/INFO]: [STDERR]: [GL] GL_ARB_shader_subroutine was reported as available but an entry point is missing.
[05:33:40] [Render thread/INFO]: [STDERR]: Java 9 text decoding enabled
[05:33:40] [Render thread/INFO]: Debug functionality is disabled.
[05:33:40] [Render thread/INFO]: ARB_direct_state_access detected, enabling DSA.
[05:33:40] [Render thread/INFO]: Shaders are disabled because no valid shaderpack is selected
[05:33:40] [Render thread/INFO]: Shaders are disabled
[05:33:40] [ForkJoinPool.commonPool-worker-1/INFO]: [Iris Update Check] New update detected, showing update message!
[05:33:40] [Render thread/INFO]: [STDERR]: Loading library: OpenAL
[05:33:40] [Render thread/INFO]: [STDERR]: 	Module: org.lwjgl.openal
[05:33:40] [Render thread/INFO]: [STDERR]: 	Loaded from org.lwjgl.librarypath: C:\Users\{COMPUTER_USERNAME}\AppData\Local\Temp\lwjgltimot\3.3.1-SNAPSHOT\OpenAL.dll
[05:33:40] [Render thread/INFO]: Hardware information:
[05:33:40] [Render thread/INFO]: CPU: 16x AMD Ryzen 7 5800X 8-Core Processor 
[05:33:40] [Render thread/INFO]: GPU: NVIDIA GeForce RTX 3080/PCIe/SSE2 (Supports OpenGL 3.2.0 NVIDIA 536.99)
[05:33:40] [Render thread/INFO]: OS: Windows 11 (10.0)
[05:33:41] [Render thread/INFO]: Mixing client.MixinChatListener from mixins/common/nochatreports.mixins.json into net.minecraft.class_7594
[05:33:41] [Render thread/INFO]: Reloading ResourceManager: vanilla, fabric (bobby, caffeineconfig, chat_heads, cloth-config, conditional-mixin, entityculling, fabric-api, fabric-api-base, fabric-api-lookup-api-v1, fabric-biome-api-v1, fabric-block-api-v1, fabric-blockrenderlayer-v1, fabric-client-tags-api-v1, fabric-command-api-v1, fabric-command-api-v2, fabric-commands-v0, fabric-containers-v0, fabric-content-registries-v0, fabric-convention-tags-v1, fabric-crash-report-info-v1, fabric-data-generation-api-v1, fabric-dimensions-v1, fabric-entity-events-v1, fabric-events-interaction-v0, fabric-events-lifecycle-v0, fabric-game-rule-api-v1, fabric-item-api-v1, fabric-item-group-api-v1, fabric-key-binding-api-v1, fabric-keybindings-v0, fabric-language-kotlin, fabric-lifecycle-events-v1, fabric-loot-api-v2, fabric-loot-tables-v1, fabric-message-api-v1, fabric-mining-level-api-v1, fabric-model-loading-api-v1, fabric-models-v0, fabric-networking-api-v1, fabric-networking-v0, fabric-object-builder-api-v1, fabric-particles-v1, fabric-recipe-api-v1, fabric-registry-sync-v0, fabric-renderer-api-v1, fabric-renderer-indigo, fabric-renderer-registries-v1, fabric-rendering-data-attachment-v1, fabric-rendering-fluids-v1, fabric-rendering-v0, fabric-rendering-v1, fabric-resource-conditions-api-v1, fabric-resource-loader-v0, fabric-screen-api-v1, fabric-screen-handler-api-v1, fabric-sound-api-v1, fabric-transfer-api-v1, fabric-transitive-access-wideners-v1, fabricloader, iris, lithium, moreculling, nochatreports, plasmovoice, pv-addon-replaymod, pv-addon-soundphysics, reeses-sodium-options, replaymod, smoothboot, sodium, sodium-extra, sound_physics_remastered, starlight, uiutils, xaerominimap, xaeroworldmap, xaerozoomout, yet_another_config_lib, yet_another_config_lib_v3, zoomify), replaymod_lang
[05:33:41] [Render thread/INFO]: Mixing client.MixinJoinMultiplayerScreen from mixins/common/nochatreports.mixins.json into net.minecraft.class_500
[05:33:41] [Render thread/INFO]: Renaming synthetic method lambda$onInit$2()Lnet/minecraft/class_2561; to mdec35c4$nochatreports$lambda$onInit$2$0 in mixins/common/nochatreports.mixins.json:client.MixinJoinMultiplayerScreen from mod nochatreports
[05:33:41] [Render thread/INFO]: Renaming synthetic method lambda$onInit$1(Lnet/minecraft/class_4185;)V to mdec35c4$nochatreports$lambda$onInit$1$1 in mixins/common/nochatreports.mixins.json:client.MixinJoinMultiplayerScreen from mod nochatreports
[05:33:41] [Render thread/INFO]: Renaming synthetic method lambda$onInit$0(Lnet/minecraft/class_4185;)V to mdec35c4$nochatreports$lambda$onInit$0$2 in mixins/common/nochatreports.mixins.json:client.MixinJoinMultiplayerScreen from mod nochatreports
[05:33:41] [Render thread/INFO]: Creating pipeline for dimension OVERWORLD
[05:33:41] [Render thread/INFO]: Cached all modded block culling states
[05:33:41] [Render thread/INFO]: Game entered main loop!
[05:33:41] [Render thread/INFO]: Loading Xaero's World Map - Stage 2/2
[05:33:41] [Render thread/INFO]: New world map region cache hash code: -1578492949
[05:33:41] [Render thread/INFO]: Xaero's WorldMap Mod: Xaero's minimap found!
[05:33:41] [Render thread/INFO]: No Optifine!
[05:33:41] [Render thread/INFO]: Xaero's World Map: No Vivecraft!
[05:33:41] [Render thread/INFO]: Xaero's World Map: Iris found!
[05:33:41] [Render thread/INFO]: Loading Xaero's Minimap - Stage 2/2
[05:33:43] [Render thread/INFO]: Xaero's Minimap: World Map found!
[05:33:43] [Render thread/INFO]: No Optifine!
[05:33:43] [Render thread/INFO]: Xaero's Minimap: No Vivecraft!
[05:33:43] [Render thread/INFO]: Xaero's Minimap: Iris found!
[05:33:43] [Render thread/WARN]: Missing sound for event: minecraft:item.brush.brushing
[05:33:43] [Render thread/WARN]: Missing sound for event: minecraft:item.brush.brush_sand_completed
[05:33:43] [Render thread/WARN]: Missing sound for event: minecraft:item.goat_horn.play
[05:33:43] [Render thread/WARN]: Missing sound for event: minecraft:entity.goat.screaming.horn_break
[05:33:43] [Render thread/WARN]: Missing sound for event: minecraft:music.overworld.cherry_grove
[05:33:43] [Render thread/INFO]: OpenAL initialized on device OpenAL Soft on ROG PG279QM (NVIDIA High Definition Audio)
[05:33:43] [Render thread/INFO]: Initializing Sound Physics
[05:33:43] [Render thread/INFO]: EFX Extension recognized
[05:33:43] [Render thread/INFO]: Max auxiliary sends: 4
[05:33:43] [Render thread/INFO]: Aux slot 1 created
[05:33:43] [Render thread/INFO]: Aux slot 2 created
[05:33:43] [Render thread/INFO]: Aux slot 3 created
[05:33:43] [Render thread/INFO]: Aux slot 4 created
[05:33:43] [Render thread/INFO]: EFX ready
[05:33:43] [Render thread/INFO]: Sound engine started
[05:33:43] [Render thread/INFO]: Created: 1024x512x4 minecraft:textures/atlas/blocks.png-atlas
[05:33:43] [Render thread/INFO]: Created: 256x256x4 minecraft:textures/atlas/signs.png-atlas
[05:33:43] [Render thread/INFO]: Created: 512x512x4 minecraft:textures/atlas/shield_patterns.png-atlas
[05:33:43] [Render thread/INFO]: Created: 512x512x4 minecraft:textures/atlas/banner_patterns.png-atlas
[05:33:43] [Render thread/INFO]: Created: 1024x1024x4 minecraft:textures/atlas/armor_trims.png-atlas
[05:33:43] [Render thread/INFO]: Created: 256x256x4 minecraft:textures/atlas/chest.png-atlas
[05:33:43] [Render thread/INFO]: Created: 64x64x4 minecraft:textures/atlas/decorated_pot.png-atlas
[05:33:43] [Render thread/INFO]: Created: 512x256x4 minecraft:textures/atlas/beds.png-atlas
[05:33:43] [Render thread/INFO]: Created: 512x256x4 minecraft:textures/atlas/shulker_boxes.png-atlas
[05:33:43] [Render thread/WARN]: Shader rendertype_entity_translucent_emissive could not find sampler named Sampler2 in the specified shader program.
[05:33:44] [Render thread/INFO]: Created: 256x256x0 minecraft:textures/atlas/particles.png-atlas
[05:33:44] [Render thread/INFO]: Created: 256x256x0 minecraft:textures/atlas/paintings.png-atlas
[05:33:44] [Render thread/INFO]: Created: 256x128x0 minecraft:textures/atlas/mob_effects.png-atlas
[05:33:44] [Render thread/INFO]: Successfully reloaded the minimap shaders!
[05:33:44] [Render thread/INFO]: Successfully reloaded the world map shaders!
[05:33:44] [Render thread/INFO]: Zoomify detected first launch!
[05:34:30] [CullThread/INFO]: [STDOUT]: Shutting down culling task!
[05:34:30] [Render thread/INFO]: Stopping!
[05:34:30] [Render thread/INFO]: Shutting down
[05:34:30] [Render thread/INFO]: Addon pv-addon-replaymod v2.0.0 by Apehum unloaded
[05:34:30] [Render thread/INFO]: Addon pv-addon-soundphysics v1.0.1 by Apehum unloaded
[LWJGL] [LWJGL] [LWJGL] [LWJGL] [LWJGL] [LWJGL] [LWJGL] [LWJGL] [LWJGL] [LWJGL] [LWJGL] [LWJGL] [LWJGL] [LWJGL] [LWJGL] [LWJGL] [LWJGL] [LWJGL] [LWJGL] [LWJGL] [LWJGL] [LWJGL] [LWJGL] [LWJGL] [LWJGL] [LWJGL] [LWJGL] [LWJGL] [LWJGL] [LWJGL] [LWJGL] [LWJGL] [LWJGL] [LWJGL] [LWJGL] [LWJGL] [LWJGL] [LWJGL] [LWJGL] [LWJGL] [LWJGL] 